<?xml version="1.0" encoding="UTF-8"?>
<!-- Generated by org.testng.reporters.JUnitReportReporter -->
<testsuite hostname="VJ-ThinkVersion" failures="0" tests="3" name="executiontest12.RegistrationModule12Test" time="6.667" errors="0" timestamp="2022-10-07T08:13:22 IST" skipped="0">
  <testcase classname="executiontest12.RegistrationModule12Test" name="FullnameValid" time="2.138"/>
  <system-out/>
  <testcase classname="executiontest12.RegistrationModule12Test" name="FieldValidation" time="2.147"/>
  <system-out/>
  <testcase classname="executiontest12.RegistrationModule12Test" name="LoginNameValid" time="2.382"/>
  <system-out/>
</testsuite> <!-- executiontest12.RegistrationModule12Test -->
