<?xml version="1.0" encoding="UTF-8"?>
<!-- Generated by org.testng.reporters.JUnitReportReporter -->
<testsuite hostname="VJ-ThinkVersion" failures="0" tests="2" name="executiontest12.LoginModule12Test" time="1.644" errors="0" timestamp="2022-10-07T09:10:39 IST" skipped="0">
  <testcase classname="executiontest12.LoginModule12Test" name="ForgetPwdTc" time="0.962"/>
  <system-out/>
  <testcase classname="executiontest12.LoginModule12Test" name="NegativeLoginTc" time="0.682"/>
  <system-out/>
</testsuite> <!-- executiontest12.LoginModule12Test -->
